<?xml version="1.0" encoding="UTF-8"?>
<testsuite xmlns:xsi="http://www.w3.org/2001/XMLSchema-instance" xsi:noNamespaceSchemaLocation="https://maven.apache.org/surefire/maven-surefire-plugin/xsd/surefire-test-report.xsd" name="org.ioet.service.PaymentDayWorkedServiceTest" time="0.038" tests="7" errors="0" skipped="0" failures="0">
  <properties>
[...]
</properties>
  <testcase name="isNotWeekend" classname="org.ioet.service.PaymentDayWorkedServiceTest" time="0.012"/>
  <testcase name="calculateDayPaymentWhenIsAValidWorkedDay" classname="org.ioet.service.PaymentDayWorkedServiceTest" time="0.001"/>
  <testcase name="calculateTotalAmountByEmployeeWithEmptyDayWorked" classname="org.ioet.service.PaymentDayWorkedServiceTest" time="0.001"/>
  <testcase name="calculateDayPaymentWhenIsNotAValidWorkedDay" classname="org.ioet.service.PaymentDayWorkedServiceTest" time="0.001"/>
  <testcase name="getAmountPerDayAndHourWithValidHourAndDay" classname="org.ioet.service.PaymentDayWorkedServiceTest" time="0.001"/>
  <testcase name="isWeekend" classname="org.ioet.service.PaymentDayWorkedServiceTest" time="0"/>
  <testcase name="calculateTotalAmountByEmployeeWhenHasAValidEmployee" classname="org.ioet.service.PaymentDayWorkedServiceTest" time="0.001"/>
</testsuite>